Determining if the pthread_create exist failed with the following output:
Change Dir: /home/rctvrc/catkin_workspace/build/CMakeFiles/CMakeTmp

Run Build Command:"/usr/bin/make" "cmTC_1aab0/fast"
/usr/bin/make -f CMakeFiles/cmTC_1aab0.dir/build.make CMakeFiles/cmTC_1aab0.dir/build
make[1]: Entering directory '/home/rctvrc/catkin_workspace/build/CMakeFiles/CMakeTmp'
Building C object CMakeFiles/cmTC_1aab0.dir/CheckSymbolExists.c.o
/usr/bin/cc     -o CMakeFiles/cmTC_1aab0.dir/CheckSymbolExists.c.o   -c /home/rctvrc/catkin_workspace/build/CMakeFiles/CMakeTmp/CheckSymbolExists.c
Linking C executable cmTC_1aab0
/usr/bin/cmake -E cmake_link_script CMakeFiles/cmTC_1aab0.dir/link.txt --verbose=1
/usr/bin/cc       CMakeFiles/cmTC_1aab0.dir/CheckSymbolExists.c.o  -o cmTC_1aab0 -rdynamic 
CMakeFiles/cmTC_1aab0.dir/CheckSymbolExists.c.o: In function `main':
CheckSymbolExists.c:(.text+0xe): undefined reference to `pthread_create'
CheckSymbolExists.c:(.text+0x12): undefined reference to `pthread_create'
collect2: error: ld returned 1 exit status
CMakeFiles/cmTC_1aab0.dir/build.make:97: recipe for target 'cmTC_1aab0' failed
make[1]: *** [cmTC_1aab0] Error 1
make[1]: Leaving directory '/home/rctvrc/catkin_workspace/build/CMakeFiles/CMakeTmp'
Makefile:126: recipe for target 'cmTC_1aab0/fast' failed
make: *** [cmTC_1aab0/fast] Error 2

File /home/rctvrc/catkin_workspace/build/CMakeFiles/CMakeTmp/CheckSymbolExists.c:
/* */
#include <pthread.h>

int main(int argc, char** argv)
{
  (void)argv;
#ifndef pthread_create
  return ((int*)(&pthread_create))[argc];
#else
  (void)argc;
  return 0;
#endif
}

Determining if the function pthread_create exists in the pthreads failed with the following output:
Change Dir: /home/rctvrc/catkin_workspace/build/CMakeFiles/CMakeTmp

Run Build Command:"/usr/bin/make" "cmTC_8b60e/fast"
/usr/bin/make -f CMakeFiles/cmTC_8b60e.dir/build.make CMakeFiles/cmTC_8b60e.dir/build
make[1]: Entering directory '/home/rctvrc/catkin_workspace/build/CMakeFiles/CMakeTmp'
Building C object CMakeFiles/cmTC_8b60e.dir/CheckFunctionExists.c.o
/usr/bin/cc    -DCHECK_FUNCTION_EXISTS=pthread_create   -o CMakeFiles/cmTC_8b60e.dir/CheckFunctionExists.c.o   -c /usr/share/cmake-3.5/Modules/CheckFunctionExists.c
Linking C executable cmTC_8b60e
/usr/bin/cmake -E cmake_link_script CMakeFiles/cmTC_8b60e.dir/link.txt --verbose=1
/usr/bin/cc   -DCHECK_FUNCTION_EXISTS=pthread_create    CMakeFiles/cmTC_8b60e.dir/CheckFunctionExists.c.o  -o cmTC_8b60e -rdynamic -lpthreads 
/usr/bin/ld: cannot find -lpthreads
collect2: error: ld returned 1 exit status
CMakeFiles/cmTC_8b60e.dir/build.make:97: recipe for target 'cmTC_8b60e' failed
make[1]: *** [cmTC_8b60e] Error 1
make[1]: Leaving directory '/home/rctvrc/catkin_workspace/build/CMakeFiles/CMakeTmp'
Makefile:126: recipe for target 'cmTC_8b60e/fast' failed
make: *** [cmTC_8b60e/fast] Error 2


